{"/Users/octoblu/Projects/Octoblu/meshblu-upc-lookup/command.coffee":{"path":"/Users/octoblu/Projects/Octoblu/meshblu-upc-lookup/command.coffee","s":{"1":0,"2":0,"3":0,"4":0,"5":0,"6":0,"7":0,"8":0,"9":0,"10":0,"11":0,"12":0,"13":0,"14":0},"b":{"1":[0,0],"2":[0,0],"3":[0,0]},"f":{"1":0},"fnMap":{"1":{"name":"(anonymous_1)","line":8,"loc":{"start":{"line":8,"column":22},"end":{"line":8,"column":31}}}},"statementMap":{"1":{"start":{"line":1,"column":0},"end":{"line":1,"column":31}},"2":{"start":{"line":2,"column":0},"end":{"line":2,"column":36}},"3":{"start":{"line":3,"column":0},"end":{"line":3,"column":39}},"4":{"start":{"line":4,"column":0},"end":{"line":4,"column":35}},"5":{"start":{"line":6,"column":0},"end":{"line":6,"column":47}},"6":{"start":{"line":8,"column":0},"end":{"line":13,"column":0}},"7":{"start":{"line":9,"column":2},"end":{"line":9,"column":62}},"8":{"start":{"line":9,"column":2},"end":{"line":9,"column":48}},"9":{"start":{"line":10,"column":2},"end":{"line":10,"column":52}},"10":{"start":{"line":10,"column":2},"end":{"line":10,"column":27}},"11":{"start":{"line":11,"column":2},"end":{"line":11,"column":31}},"12":{"start":{"line":12,"column":2},"end":{"line":12,"column":43}},"13":{"start":{"line":12,"column":2},"end":{"line":12,"column":26}},"14":{"start":{"line":14,"column":0},"end":{"line":14,"column":14}}},"branchMap":{"1":{"line":9,"type":"if","locations":[{"start":{"line":9,"column":2},"end":{"line":9,"column":2}},{"start":{"line":9,"column":2},"end":{"line":9,"column":2}}]},"2":{"line":10,"type":"if","locations":[{"start":{"line":10,"column":2},"end":{"line":10,"column":2}},{"start":{"line":10,"column":2},"end":{"line":10,"column":2}}]},"3":{"line":12,"type":"if","locations":[{"start":{"line":12,"column":2},"end":{"line":12,"column":2}},{"start":{"line":12,"column":2},"end":{"line":12,"column":2}}]}}},"/Users/octoblu/Projects/Octoblu/meshblu-upc-lookup/connector.coffee":{"path":"/Users/octoblu/Projects/Octoblu/meshblu-upc-lookup/connector.coffee","s":{"1":0,"2":0,"3":0,"4":0,"5":0,"6":0,"7":0,"8":0,"9":0,"10":0,"11":0,"12":0,"13":0,"14":0,"15":0,"16":0,"17":0,"18":0,"19":0,"20":0,"21":0,"22":0,"23":0,"24":0,"25":0,"26":0,"27":0,"28":0,"29":0,"30":0,"31":0,"32":0,"33":0,"34":0,"35":0,"36":0,"37":0,"38":0,"39":0,"40":0,"41":0,"42":0},"b":{},"f":{"1":0,"2":0,"3":0,"4":0,"5":0,"6":0,"7":0,"8":0,"9":0,"10":0,"11":0,"12":0,"13":0},"fnMap":{"1":{"name":"Connector","line":7,"loc":{"start":{"line":7,"column":6},"end":{"line":7,"column":14}}},"2":{"name":"constructor","line":8,"loc":{"start":{"line":8,"column":2},"end":{"line":8,"column":29}}},"3":{"name":"(anonymous_1)","line":9,"loc":{"start":{"line":9,"column":37},"end":{"line":9,"column":46}}},"4":{"name":"createConnection","line":13,"loc":{"start":{"line":13,"column":2},"end":{"line":13,"column":21}}},"5":{"name":"onConfig","line":27,"loc":{"start":{"line":27,"column":2},"end":{"line":27,"column":22}}},"6":{"name":"onMessage","line":34,"loc":{"start":{"line":34,"column":2},"end":{"line":34,"column":24}}},"7":{"name":"onReady","line":41,"loc":{"start":{"line":41,"column":2},"end":{"line":41,"column":12}}},"8":{"name":"(anonymous_2)","line":42,"loc":{"start":{"line":42,"column":37},"end":{"line":42,"column":47}}},"9":{"name":"run","line":56,"loc":{"start":{"line":56,"column":2},"end":{"line":56,"column":8}}},"10":{"name":"(anonymous_3)","line":59,"loc":{"start":{"line":59,"column":23},"end":{"line":59,"column":31}}},"11":{"name":"(anonymous_4)","line":65,"loc":{"start":{"line":65,"column":25},"end":{"line":65,"column":39}}},"12":{"name":"(anonymous_5)","line":69,"loc":{"start":{"line":69,"column":26},"end":{"line":69,"column":37}}},"13":{"name":"emitError","line":73,"loc":{"start":{"line":73,"column":2},"end":{"line":73,"column":22}}}},"statementMap":{"1":{"start":{"line":1,"column":0},"end":{"line":1,"column":32}},"2":{"start":{"line":2,"column":0},"end":{"line":2,"column":33}},"3":{"start":{"line":3,"column":0},"end":{"line":3,"column":40}},"4":{"start":{"line":4,"column":0},"end":{"line":4,"column":32}},"5":{"start":{"line":5,"column":0},"end":{"line":5,"column":40}},"6":{"start":{"line":7,"column":0},"end":{"line":75,"column":0}},"7":{"start":{"line":9,"column":4},"end":{"line":13,"column":1}},"8":{"start":{"line":10,"column":6},"end":{"line":10,"column":21}},"9":{"start":{"line":11,"column":6},"end":{"line":11,"column":20}},"10":{"start":{"line":14,"column":4},"end":{"line":20,"column":3}},"11":{"start":{"line":20,"column":4},"end":{"line":20,"column":34}},"12":{"start":{"line":21,"column":4},"end":{"line":21,"column":31}},"13":{"start":{"line":23,"column":4},"end":{"line":23,"column":29}},"14":{"start":{"line":24,"column":4},"end":{"line":24,"column":33}},"15":{"start":{"line":25,"column":4},"end":{"line":25,"column":31}},"16":{"start":{"line":28,"column":4},"end":{"line":28,"column":25}},"17":{"start":{"line":29,"column":4},"end":{"line":34,"column":1}},"18":{"start":{"line":30,"column":6},"end":{"line":30,"column":34}},"19":{"start":{"line":32,"column":6},"end":{"line":32,"column":21}},"20":{"start":{"line":35,"column":4},"end":{"line":35,"column":35}},"21":{"start":{"line":36,"column":4},"end":{"line":41,"column":1}},"22":{"start":{"line":37,"column":6},"end":{"line":37,"column":35}},"23":{"start":{"line":39,"column":6},"end":{"line":39,"column":21}},"24":{"start":{"line":42,"column":4},"end":{"line":56,"column":1}},"25":{"start":{"line":43,"column":6},"end":{"line":43,"column":38}},"26":{"start":{"line":44,"column":6},"end":{"line":44,"column":52}},"27":{"start":{"line":45,"column":6},"end":{"line":45,"column":70}},"28":{"start":{"line":46,"column":6},"end":{"line":56,"column":1}},"29":{"start":{"line":57,"column":4},"end":{"line":57,"column":25}},"30":{"start":{"line":58,"column":4},"end":{"line":58,"column":22}},"31":{"start":{"line":59,"column":4},"end":{"line":63,"column":3}},"32":{"start":{"line":60,"column":6},"end":{"line":60,"column":28}},"33":{"start":{"line":61,"column":6},"end":{"line":61,"column":20}},"34":{"start":{"line":63,"column":4},"end":{"line":63,"column":33}},"35":{"start":{"line":65,"column":4},"end":{"line":69,"column":3}},"36":{"start":{"line":66,"column":6},"end":{"line":66,"column":31}},"37":{"start":{"line":67,"column":6},"end":{"line":67,"column":28}},"38":{"start":{"line":69,"column":4},"end":{"line":73,"column":1}},"39":{"start":{"line":70,"column":6},"end":{"line":70,"column":34}},"40":{"start":{"line":71,"column":6},"end":{"line":71,"column":26}},"41":{"start":{"line":74,"column":4},"end":{"line":74,"column":23}},"42":{"start":{"line":76,"column":0},"end":{"line":76,"column":25}}},"branchMap":{}},"/Users/octoblu/Projects/Octoblu/meshblu-upc-lookup/index.coffee":{"path":"/Users/octoblu/Projects/Octoblu/meshblu-upc-lookup/index.coffee","s":{"1":0,"2":0,"3":0,"4":0,"5":0,"6":0,"7":0,"8":0,"9":0,"10":0,"11":0,"12":0,"13":0,"14":0,"15":0,"16":0,"17":0,"18":0,"19":0,"20":0,"21":0,"22":0,"23":0,"24":0,"25":0,"26":0,"27":0,"28":0},"b":{"1":[0,0],"2":[0,0],"3":[0,0]},"f":{"1":0,"2":0,"3":0,"4":0,"5":0,"6":0},"fnMap":{"1":{"name":"Plugin","line":21,"loc":{"start":{"line":21,"column":6},"end":{"line":21,"column":11}}},"2":{"name":"constructor","line":22,"loc":{"start":{"line":22,"column":2},"end":{"line":22,"column":31}}},"3":{"name":"onMessage","line":29,"loc":{"start":{"line":29,"column":2},"end":{"line":29,"column":24}}},"4":{"name":"(anonymous_1)","line":34,"loc":{"start":{"line":34,"column":5},"end":{"line":34,"column":30}}},"5":{"name":"onConfig","line":40,"loc":{"start":{"line":40,"column":2},"end":{"line":40,"column":22}}},"6":{"name":"setOptions","line":43,"loc":{"start":{"line":43,"column":2},"end":{"line":43,"column":28}}}},"statementMap":{"1":{"start":{"line":1,"column":0},"end":{"line":1,"column":11}},"2":{"start":{"line":2,"column":0},"end":{"line":2,"column":30}},"3":{"start":{"line":3,"column":0},"end":{"line":3,"column":32}},"4":{"start":{"line":4,"column":0},"end":{"line":4,"column":54}},"5":{"start":{"line":5,"column":0},"end":{"line":5,"column":33}},"6":{"start":{"line":7,"column":0},"end":{"line":13,"column":0}},"7":{"start":{"line":14,"column":0},"end":{"line":20,"column":0}},"8":{"start":{"line":21,"column":0},"end":{"line":45,"column":0}},"9":{"start":{"line":23,"column":4},"end":{"line":23,"column":16}},"10":{"start":{"line":24,"column":4},"end":{"line":24,"column":34}},"11":{"start":{"line":25,"column":4},"end":{"line":25,"column":34}},"12":{"start":{"line":27,"column":4},"end":{"line":27,"column":47}},"13":{"start":{"line":30,"column":4},"end":{"line":30,"column":91}},"14":{"start":{"line":30,"column":4},"end":{"line":30,"column":68}},"15":{"start":{"line":31,"column":4},"end":{"line":31,"column":103}},"16":{"start":{"line":31,"column":4},"end":{"line":31,"column":52}},"17":{"start":{"line":32,"column":4},"end":{"line":36,"column":4}},"18":{"start":{"line":32,"column":17},"end":{"line":32,"column":86}},"19":{"start":{"line":32,"column":52},"end":{"line":32,"column":59}},"20":{"start":{"line":32,"column":71},"end":{"line":32,"column":77}},"21":{"start":{"line":35,"column":7},"end":{"line":35,"column":81}},"22":{"start":{"line":35,"column":7},"end":{"line":35,"column":63}},"23":{"start":{"line":35,"column":34},"end":{"line":35,"column":60}},"24":{"start":{"line":35,"column":35},"end":{"line":35,"column":38}},"25":{"start":{"line":35,"column":49},"end":{"line":35,"column":52}},"26":{"start":{"line":41,"column":4},"end":{"line":41,"column":29}},"27":{"start":{"line":44,"column":4},"end":{"line":44,"column":21}},"28":{"start":{"line":46,"column":0},"end":{"line":49,"column":16}}},"branchMap":{"1":{"line":30,"type":"if","locations":[{"start":{"line":30,"column":4},"end":{"line":30,"column":4}},{"start":{"line":30,"column":4},"end":{"line":30,"column":4}}]},"2":{"line":31,"type":"if","locations":[{"start":{"line":31,"column":4},"end":{"line":31,"column":4}},{"start":{"line":31,"column":4},"end":{"line":31,"column":4}}]},"3":{"line":35,"type":"if","locations":[{"start":{"line":35,"column":7},"end":{"line":35,"column":7}},{"start":{"line":35,"column":7},"end":{"line":35,"column":7}}]}}}}